module.js:339
    throw err;
    ^

Error: Cannot find module 'express'
    at Function.Module._resolveFilename (module.js:337:15)
    at Function.Module._load (module.js:287:25)
    at Module.require (module.js:366:17)
    at require (module.js:385:17)
    at Object.<anonymous> (/home/pi/raspi-weather/app.js:4:15)
    at Module._compile (module.js:435:26)
    at Object.Module._extensions..js (module.js:442:10)
    at Module.load (module.js:356:32)
    at Function.Module._load (module.js:311:12)
    at Function.Module.runMain (module.js:467:10)
events.js:141
      throw er; // Unhandled 'error' event
      ^

Error: listen EADDRINUSE :::3000
    at Object.exports._errnoException (util.js:874:11)
    at exports._exceptionWithHostPort (util.js:897:20)
    at Server._listen2 (net.js:1234:14)
    at listen (net.js:1270:10)
    at Server.listen (net.js:1366:5)
    at Object.<anonymous> (/home/pi/raspi-weather/app.js:16:8)
    at Module._compile (module.js:435:26)
    at Object.Module._extensions..js (module.js:442:10)
    at Module.load (module.js:356:32)
    at Function.Module._load (module.js:311:12)
